This is XeTeX, Version 3.141592653-2.6-0.999993 (TeX Live 2022/dev/Debian) (preloaded format=xelatex 2024.5.10)  9 OCT 2025 12:55
entering extended mode
 restricted \write18 enabled.
 %&-line parsing enabled.
**CV_Yin.tex
(./CV_Yin.tex
LaTeX2e <2021-11-15> patch level 1
L3 programming layer <2022-01-21>
(/usr/share/texlive/texmf-dist/tex/latex/base/article.cls
Document Class: article 2021/10/04 v1.4n Standard LaTeX document class
(/usr/share/texlive/texmf-dist/tex/latex/base/size11.clo
File: size11.clo 2021/10/04 v1.4n Standard LaTeX file (size option)
)
\c@part=\count181
\c@section=\count182
\c@subsection=\count183
\c@subsubsection=\count184
\c@paragraph=\count185
\c@subparagraph=\count186
\c@figure=\count187
\c@table=\count188
\abovecaptionskip=\skip47
\belowcaptionskip=\skip48
\bibindent=\dimen138
)
(/usr/share/texlive/texmf-dist/tex/latex/fontspec/fontspec.sty
(/usr/share/texlive/texmf-dist/tex/latex/l3packages/xparse/xparse.sty
(/usr/share/texlive/texmf-dist/tex/latex/l3kernel/expl3.sty
Package: expl3 2022-01-21 L3 programming layer (loader) 

(/usr/share/texlive/texmf-dist/tex/latex/l3backend/l3backend-xetex.def
File: l3backend-xetex.def 2022-01-12 L3 backend support: XeTeX

(|extractbb --version)
\c__kernel_sys_dvipdfmx_version_int=\count189
\l__color_backend_stack_int=\count190
\g__color_backend_stack_int=\count191
\g__graphics_track_int=\count192
\l__pdf_internal_box=\box50
\g__pdf_backend_object_int=\count193
\g__pdf_backend_annotation_int=\count194
\g__pdf_backend_link_int=\count195
))
Package: xparse 2022-01-12 L3 Experimental document command parser
)
Package: fontspec 2022/01/15 v2.8a Font selection for XeLaTeX and LuaLaTeX

(/usr/share/texlive/texmf-dist/tex/latex/fontspec/fontspec-xetex.sty
Package: fontspec-xetex 2022/01/15 v2.8a Font selection for XeLaTeX and LuaLaTe
X
\l__fontspec_script_int=\count196
\l__fontspec_language_int=\count197
\l__fontspec_strnum_int=\count198
\l__fontspec_tmp_int=\count199
\l__fontspec_tmpa_int=\count266
\l__fontspec_tmpb_int=\count267
\l__fontspec_tmpc_int=\count268
\l__fontspec_em_int=\count269
\l__fontspec_emdef_int=\count270
\l__fontspec_strong_int=\count271
\l__fontspec_strongdef_int=\count272
\l__fontspec_tmpa_dim=\dimen139
\l__fontspec_tmpb_dim=\dimen140
\l__fontspec_tmpc_dim=\dimen141

(/usr/share/texlive/texmf-dist/tex/latex/base/fontenc.sty
Package: fontenc 2021/04/29 v2.0v Standard LaTeX package
)
(/usr/share/texlive/texmf-dist/tex/latex/fontspec/fontspec.cfg)))
(/usr/share/texlive/texmf-dist/tex/latex/geometry/geometry.sty
Package: geometry 2020/01/02 v5.9 Page Geometry

(/usr/share/texlive/texmf-dist/tex/latex/graphics/keyval.sty
Package: keyval 2014/10/28 v1.15 key=value parser (DPC)
\KV@toks@=\toks16
)
(/usr/share/texlive/texmf-dist/tex/generic/iftex/ifvtex.sty
Package: ifvtex 2019/10/25 v1.7 ifvtex legacy package. Use iftex instead.

(/usr/share/texlive/texmf-dist/tex/generic/iftex/iftex.sty
Package: iftex 2020/03/06 v1.0d TeX engine tests
))
\Gm@cnth=\count273
\Gm@cntv=\count274
\c@Gm@tempcnt=\count275
\Gm@bindingoffset=\dimen142
\Gm@wd@mp=\dimen143
\Gm@odd@mp=\dimen144
\Gm@even@mp=\dimen145
\Gm@layoutwidth=\dimen146
\Gm@layoutheight=\dimen147
\Gm@layouthoffset=\dimen148
\Gm@layoutvoffset=\dimen149
\Gm@dimlist=\toks17
)
(/usr/share/texlive/texmf-dist/tex/latex/xcolor/xcolor.sty
Package: xcolor 2021/10/31 v2.13 LaTeX color extensions (UK)

(/usr/share/texlive/texmf-dist/tex/latex/graphics-cfg/color.cfg
File: color.cfg 2016/01/02 v1.6 sample color configuration
)
Package xcolor Info: Package option `usenames' ignored on input line 218.
Package xcolor Info: Driver file: xetex.def on input line 227.

(/usr/share/texlive/texmf-dist/tex/latex/graphics-def/xetex.def
File: xetex.def 2021/03/18 v5.0k Graphics/color driver for xetex
)
Package xcolor Info: Model `cmy' substituted by `cmy0' on input line 1352.
Package xcolor Info: Model `RGB' extended on input line 1368.
Package xcolor Info: Model `HTML' substituted by `rgb' on input line 1370.
Package xcolor Info: Model `Hsb' substituted by `hsb' on input line 1371.
Package xcolor Info: Model `tHsb' substituted by `hsb' on input line 1372.
Package xcolor Info: Model `HSB' substituted by `hsb' on input line 1373.
Package xcolor Info: Model `Gray' substituted by `gray' on input line 1374.
Package xcolor Info: Model `wave' substituted by `hsb' on input line 1375.

(/usr/share/texlive/texmf-dist/tex/latex/graphics/dvipsnam.def
File: dvipsnam.def 2016/06/17 v3.0m Driver-dependent file (DPC,SPQR)
))
(/usr/share/texlive/texmf-dist/tex/xelatex/xunicode/xunicode.sty
File: xunicode.sty 2011/09/09 v0.981 provides access to latin accents and many 
other characters in Unicode lower plane

(/usr/share/texmf/tex/latex/tipa/t3enc.def
File: t3enc.def 2001/12/31 T3 encoding
)
\tipaTiiicode=\count276
\tipasavetokens=\toks18
\tipachecktokens=\toks19

(/usr/share/texlive/texmf-dist/tex/latex/graphics/graphicx.sty
Package: graphicx 2021/09/16 v1.2d Enhanced LaTeX Graphics (DPC,SPQR)

(/usr/share/texlive/texmf-dist/tex/latex/graphics/graphics.sty
Package: graphics 2021/03/04 v1.4d Standard LaTeX Graphics (DPC,SPQR)

(/usr/share/texlive/texmf-dist/tex/latex/graphics/trig.sty
Package: trig 2021/08/11 v1.11 sin cos tan (DPC)
)
(/usr/share/texlive/texmf-dist/tex/latex/graphics-cfg/graphics.cfg
File: graphics.cfg 2016/06/04 v1.11 sample graphics configuration
)
Package graphics Info: Driver file: xetex.def on input line 107.
)
\Gin@req@height=\dimen150
\Gin@req@width=\dimen151
))
(/usr/share/texlive/texmf-dist/tex/xelatex/xltxtra/xltxtra.sty
Package: xltxtra 2018/12/31 v0.7 Improvements for the "XeLaTeX" format

(/usr/share/texlive/texmf-dist/tex/generic/iftex/ifluatex.sty
Package: ifluatex 2019/10/25 v1.5 ifluatex legacy package. Use iftex instead.
)
(/usr/share/texlive/texmf-dist/tex/generic/iftex/ifxetex.sty
Package: ifxetex 2019/10/25 v0.7 ifxetex legacy package. Use iftex instead.
)
(/usr/share/texlive/texmf-dist/tex/latex/realscripts/realscripts.sty
Package: realscripts 2016/02/13 v0.3d Access OpenType subscripts and superscrip
ts
\subsupersep=\dimen152
)
(/usr/share/texlive/texmf-dist/tex/latex/metalogo/metalogo.sty
Package: metalogo 2010/05/29 v0.12 Extended TeX logo macros
\xl@everylogo=\toks20
\xl@@everylogo=\toks21
LaTeX Info: Redefining \TeX on input line 193.
LaTeX Info: Redefining \LaTeX on input line 202.
LaTeX Info: Redefining \LaTeXe on input line 219.
)
\l__xetex_show_hyphens_wrapping_box=\box51
\l__xetex_show_hyphens_temp_box=\box52
\l__xetex_show_hyphens_final_box=\box53
\g__xetex_show_hyphens_word_box=\box54
)

Package fontspec Info: Font family 'LinLibertine_R.otf(0)' created for font
(fontspec)             'LinLibertine_R.otf' with options
(fontspec)             [Mapping=tex-text,Ligatures=TeX,Ligatures={Common},Numbe
rs={OldStyle},Variant=01,BoldFont=LinLibertine_RB.otf,ItalicFont=LinLibertine_R
I.otf,BoldItalicFont=LinLibertine_RBI.otf].
(fontspec)              
(fontspec)              This font family consists of the following NFSS
(fontspec)             series/shapes:
(fontspec)              
(fontspec)             - 'normal' (m/n) with NFSS spec.:
(fontspec)             <->"[LinLibertine_R.otf]/OT:script=latn;language=dflt;+l
iga;+onum;+ss01;mapping=tex-text;"
(fontspec)             - 'small caps'  (m/sc) with NFSS spec.:
(fontspec)             <->"[LinLibertine_R.otf]/OT:script=latn;language=dflt;+l
iga;+onum;+ss01;+smcp;mapping=tex-text;"
(fontspec)             - 'bold' (b/n) with NFSS spec.:
(fontspec)             <->"[LinLibertine_RB.otf]/OT:script=latn;language=dflt;+
liga;+onum;+ss01;mapping=tex-text;"
(fontspec)             - 'bold small caps'  (b/sc) with NFSS spec.:
(fontspec)             <->"[LinLibertine_RB.otf]/OT:script=latn;language=dflt;+
liga;+onum;+ss01;+smcp;mapping=tex-text;"
(fontspec)             - 'italic' (m/it) with NFSS spec.:
(fontspec)             <->"[LinLibertine_RI.otf]/OT:script=latn;language=dflt;+
liga;+onum;+ss01;mapping=tex-text;"
(fontspec)             - 'italic small caps'  (m/scit) with NFSS spec.:
(fontspec)             <->"[LinLibertine_RI.otf]/OT:script=latn;language=dflt;+
liga;+onum;+ss01;+smcp;mapping=tex-text;"
(fontspec)             - 'bold italic' (b/it) with NFSS spec.:
(fontspec)             <->"[LinLibertine_RBI.otf]/OT:script=latn;language=dflt;
+liga;+onum;+ss01;mapping=tex-text;"
(fontspec)             - 'bold italic small caps'  (b/scit) with NFSS spec.:
(fontspec)             <->"[LinLibertine_RBI.otf]/OT:script=latn;language=dflt;
+liga;+onum;+ss01;+smcp;mapping=tex-text;"


Package fontspec Info: Font family 'DejaVuSansMono.ttf(0)' created for font
(fontspec)             'DejaVuSansMono.ttf' with options
(fontspec)             [Mapping=tex-text,WordSpace={1,0,0},HyphenChar=None,Punc
tuationSpace=WordSpace,Scale=0.9].
(fontspec)              
(fontspec)              This font family consists of the following NFSS
(fontspec)             series/shapes:
(fontspec)              
(fontspec)             - 'normal' (m/n) with NFSS spec.:
(fontspec)             <->s*[0.9]"[DejaVuSansMono.ttf]/OT:script=latn;language=
dflt;mapping=tex-text;"
(fontspec)             - 'small caps'  (m/sc) with NFSS spec.: 
(fontspec)             and font adjustment code:
(fontspec)             \fontdimen 2\font =1\fontdimen 2\font \fontdimen 3\font
(fontspec)             =0\fontdimen 3\font \fontdimen 4\font =0\fontdimen
(fontspec)             4\font \fontdimen 7\font =0\fontdimen 2\font
(fontspec)             \tex_hyphenchar:D \font =-1\scan_stop: 


(/usr/share/texlive/texmf-dist/tex/latex/marginnote/marginnote.sty
Package: marginnote 2018/08/09 v1.4b non floating margin notes for LaTeX
\c@mn@abspage=\count277
)
(/usr/share/texlive/texmf-dist/tex/latex/sectsty/sectsty.sty
Package: sectsty 2002/02/25 v2.0.2 Commands to change all sectional heading sty
les


LaTeX Warning: Command \underbar  has changed.
               Check if current package is valid.


LaTeX Warning: Command \underline  has changed.
               Check if current package is valid.

) (/usr/share/texlive/texmf-dist/tex/latex/tools/multicol.sty
Package: multicol 2021/10/28 v1.9b multicolumn formatting (FMi)
\c@tracingmulticols=\count278
\mult@box=\box55
\multicol@leftmargin=\dimen153
\c@unbalance=\count279
\c@collectmore=\count280
\doublecol@number=\count281
\multicoltolerance=\count282
\multicolpretolerance=\count283
\full@width=\dimen154
\page@free=\dimen155
\premulticols=\dimen156
\postmulticols=\dimen157
\multicolsep=\skip49
\multicolbaselineskip=\skip50
\partial@page=\box56
\last@line=\box57
\maxbalancingoverflow=\dimen158
\mult@rightbox=\box58
\mult@grightbox=\box59
\mult@firstbox=\box60
\mult@gfirstbox=\box61
\@tempa=\box62
\@tempa=\box63
\@tempa=\box64
\@tempa=\box65
\@tempa=\box66
\@tempa=\box67
\@tempa=\box68
\@tempa=\box69
\@tempa=\box70
\@tempa=\box71
\@tempa=\box72
\@tempa=\box73
\@tempa=\box74
\@tempa=\box75
\@tempa=\box76
\@tempa=\box77
\@tempa=\box78
\@tempa=\box79
\@tempa=\box80
\@tempa=\box81
\@tempa=\box82
\@tempa=\box83
\@tempa=\box84
\@tempa=\box85
\@tempa=\box86
\@tempa=\box87
\@tempa=\box88
\@tempa=\box89
\@tempa=\box90
\@tempa=\box91
\@tempa=\box92
\@tempa=\box93
\@tempa=\box94
\@tempa=\box95
\@tempa=\box96
\@tempa=\box97
\c@minrows=\count284
\c@columnbadness=\count285
\c@finalcolumnbadness=\count286
\last@try=\dimen159
\multicolovershoot=\dimen160
\multicolundershoot=\dimen161
\mult@nat@firstbox=\box98
\colbreak@box=\box99
\mc@col@check@num=\count287
)
(/usr/share/texlive/texmf-dist/tex/generic/ulem/ulem.sty
\UL@box=\box100
\UL@hyphenbox=\box101
\UL@skip=\skip51
\UL@hook=\toks22
\UL@height=\dimen162
\UL@pe=\count288
\UL@pixel=\dimen163
\ULC@box=\box102
Package: ulem 2019/11/18
\ULdepth=\dimen164
)
(/usr/share/texlive/texmf-dist/tex/latex/hyperref/hyperref.sty
Package: hyperref 2021-06-07 v7.00m Hypertext links for LaTeX

(/usr/share/texlive/texmf-dist/tex/generic/ltxcmds/ltxcmds.sty
Package: ltxcmds 2020-05-10 v1.25 LaTeX kernel commands for general use (HO)
)
(/usr/share/texlive/texmf-dist/tex/generic/pdftexcmds/pdftexcmds.sty
Package: pdftexcmds 2020-06-27 v0.33 Utility functions of pdfTeX for LuaTeX (HO
)

(/usr/share/texlive/texmf-dist/tex/generic/infwarerr/infwarerr.sty
Package: infwarerr 2019/12/03 v1.5 Providing info/warning/error messages (HO)
)
Package pdftexcmds Info: \pdf@primitive is available.
Package pdftexcmds Info: \pdf@ifprimitive is available.
Package pdftexcmds Info: \pdfdraftmode not found.
)
(/usr/share/texlive/texmf-dist/tex/generic/kvsetkeys/kvsetkeys.sty
Package: kvsetkeys 2019/12/15 v1.18 Key value parser (HO)
)
(/usr/share/texlive/texmf-dist/tex/generic/kvdefinekeys/kvdefinekeys.sty
Package: kvdefinekeys 2019-12-19 v1.6 Define keys (HO)
)
(/usr/share/texlive/texmf-dist/tex/generic/pdfescape/pdfescape.sty
Package: pdfescape 2019/12/09 v1.15 Implements pdfTeX's escape features (HO)
)
(/usr/share/texlive/texmf-dist/tex/latex/hycolor/hycolor.sty
Package: hycolor 2020-01-27 v1.10 Color options for hyperref/bookmark (HO)
)
(/usr/share/texlive/texmf-dist/tex/latex/letltxmacro/letltxmacro.sty
Package: letltxmacro 2019/12/03 v1.6 Let assignment for LaTeX macros (HO)
)
(/usr/share/texlive/texmf-dist/tex/latex/auxhook/auxhook.sty
Package: auxhook 2019-12-17 v1.6 Hooks for auxiliary files (HO)
)
(/usr/share/texlive/texmf-dist/tex/latex/kvoptions/kvoptions.sty
Package: kvoptions 2020-10-07 v3.14 Key value format for package options (HO)
)
\@linkdim=\dimen165
\Hy@linkcounter=\count289
\Hy@pagecounter=\count290

(/usr/share/texlive/texmf-dist/tex/latex/hyperref/pd1enc.def
File: pd1enc.def 2021-06-07 v7.00m Hyperref: PDFDocEncoding definition (HO)
)
(/usr/share/texlive/texmf-dist/tex/latex/hyperref/hyperref-langpatches.def
File: hyperref-langpatches.def 2021-06-07 v7.00m Hyperref: patches for babel la
nguages
)
(/usr/share/texlive/texmf-dist/tex/generic/intcalc/intcalc.sty
Package: intcalc 2019/12/15 v1.3 Expandable calculations with integers (HO)
)
(/usr/share/texlive/texmf-dist/tex/generic/etexcmds/etexcmds.sty
Package: etexcmds 2019/12/15 v1.7 Avoid name clashes with e-TeX commands (HO)
)
\Hy@SavedSpaceFactor=\count291

(/usr/share/texlive/texmf-dist/tex/latex/hyperref/puenc.def
File: puenc.def 2021-06-07 v7.00m Hyperref: PDF Unicode definition (HO)

(/usr/share/texlive/texmf-dist/tex/latex/hyperref/puenc-greekbasic.def
File: puenc-greekbasic.def 2021-06-07 v7.00m Hyperref: PDF Unicode definition (
greek block) (HO)
))
Package hyperref Info: Option `bookmarks' set `true' on input line 4073.
Package hyperref Info: Option `colorlinks' set `true' on input line 4073.
Package hyperref Info: Option `breaklinks' set `true' on input line 4073.
Package hyperref Info: Hyper figures OFF on input line 4192.
Package hyperref Info: Link nesting OFF on input line 4197.
Package hyperref Info: Hyper index ON on input line 4200.
Package hyperref Info: Plain pages OFF on input line 4207.
Package hyperref Info: Backreferencing OFF on input line 4212.
Package hyperref Info: Implicit mode ON; LaTeX internals redefined.
Package hyperref Info: Bookmarks ON on input line 4445.
\c@Hy@tempcnt=\count292

(/usr/share/texlive/texmf-dist/tex/latex/url/url.sty
\Urlmuskip=\muskip16
Package: url 2013/09/16  ver 3.4  Verb mode for urls, etc.
)
LaTeX Info: Redefining \url on input line 4804.
\XeTeXLinkMargin=\dimen166

(/usr/share/texlive/texmf-dist/tex/generic/bitset/bitset.sty
Package: bitset 2019/12/09 v1.3 Handle bit-vector datatype (HO)

(/usr/share/texlive/texmf-dist/tex/generic/bigintcalc/bigintcalc.sty
Package: bigintcalc 2019/12/15 v1.5 Expandable calculations on big integers (HO
)
))
\Fld@menulength=\count293
\Field@Width=\dimen167
\Fld@charsize=\dimen168
Package hyperref Info: Hyper figures OFF on input line 6076.
Package hyperref Info: Link nesting OFF on input line 6081.
Package hyperref Info: Hyper index ON on input line 6084.
Package hyperref Info: backreferencing OFF on input line 6091.
Package hyperref Info: Link coloring ON on input line 6094.
Package hyperref Info: Link coloring with OCG OFF on input line 6101.
Package hyperref Info: PDF/A mode OFF on input line 6106.
LaTeX Info: Redefining \ref on input line 6146.
LaTeX Info: Redefining \pageref on input line 6150.

(/usr/share/texlive/texmf-dist/tex/latex/base/atbegshi-ltx.sty
Package: atbegshi-ltx 2021/01/10 v1.0c Emulation of the original atbegshi
package with kernel methods
)
\Hy@abspage=\count294
\c@Item=\count295
\c@Hfootnote=\count296
)
Package hyperref Info: Driver (autodetected): hxetex.

(/usr/share/texlive/texmf-dist/tex/latex/hyperref/hxetex.def
File: hxetex.def 2021-06-07 v7.00m Hyperref driver for XeTeX

(/usr/share/texlive/texmf-dist/tex/generic/stringenc/stringenc.sty
Package: stringenc 2019/11/29 v1.12 Convert strings between diff. encodings (HO
)
)
\pdfm@box=\box103
\c@Hy@AnnotLevel=\count297
\HyField@AnnotCount=\count298
\Fld@listcount=\count299
\c@bookmark@seq@number=\count300

(/usr/share/texlive/texmf-dist/tex/latex/rerunfilecheck/rerunfilecheck.sty
Package: rerunfilecheck 2019/12/05 v1.9 Rerun checks for auxiliary files (HO)

(/usr/share/texlive/texmf-dist/tex/latex/base/atveryend-ltx.sty
Package: atveryend-ltx 2020/08/19 v1.0a Emulation of the original atveryend pac
kage
with kernel methods
)
(/usr/share/texlive/texmf-dist/tex/generic/uniquecounter/uniquecounter.sty
Package: uniquecounter 2019/12/15 v1.4 Provide unlimited unique counter (HO)
)
Package uniquecounter Info: New unique counter `rerunfilecheck' on input line 2
86.
)
\Hy@SectionHShift=\skip52
)
(./CV_Yin.aux)
\openout1 = `CV_Yin.aux'.

LaTeX Font Info:    Checking defaults for OML/cmm/m/it on input line 61.
LaTeX Font Info:    ... okay on input line 61.
LaTeX Font Info:    Checking defaults for OMS/cmsy/m/n on input line 61.
LaTeX Font Info:    ... okay on input line 61.
LaTeX Font Info:    Checking defaults for OT1/cmr/m/n on input line 61.
LaTeX Font Info:    ... okay on input line 61.
LaTeX Font Info:    Checking defaults for T1/cmr/m/n on input line 61.
LaTeX Font Info:    ... okay on input line 61.
LaTeX Font Info:    Checking defaults for TS1/cmr/m/n on input line 61.
LaTeX Font Info:    Trying to load font information for TS1+cmr on input line 6
1.
 (/usr/share/texlive/texmf-dist/tex/latex/base/ts1cmr.fd
File: ts1cmr.fd 2019/12/16 v2.5j Standard LaTeX font definitions
)
LaTeX Font Info:    ... okay on input line 61.
LaTeX Font Info:    Checking defaults for TU/lmr/m/n on input line 61.
LaTeX Font Info:    ... okay on input line 61.
LaTeX Font Info:    Checking defaults for OMX/cmex/m/n on input line 61.
LaTeX Font Info:    ... okay on input line 61.
LaTeX Font Info:    Checking defaults for U/cmr/m/n on input line 61.
LaTeX Font Info:    ... okay on input line 61.
LaTeX Font Info:    Checking defaults for T3/cmr/m/n on input line 61.
LaTeX Font Info:    Trying to load font information for T3+cmr on input line 61
.

(/usr/share/texmf/tex/latex/tipa/t3cmr.fd
File: t3cmr.fd 2001/12/31 TIPA font definitions
)
LaTeX Font Info:    ... okay on input line 61.
LaTeX Font Info:    Checking defaults for PD1/pdf/m/n on input line 61.
LaTeX Font Info:    ... okay on input line 61.
LaTeX Font Info:    Checking defaults for PU/pdf/m/n on input line 61.
LaTeX Font Info:    ... okay on input line 61.

Package fontspec Info: Adjusting the maths setup (use [no-math] to avoid
(fontspec)             this).

\symlegacymaths=\mathgroup4
LaTeX Font Info:    Overwriting symbol font `legacymaths' in version `bold'
(Font)                  OT1/cmr/m/n --> OT1/cmr/bx/n on input line 61.
LaTeX Font Info:    Redeclaring math accent \acute on input line 61.
LaTeX Font Info:    Redeclaring math accent \grave on input line 61.
LaTeX Font Info:    Redeclaring math accent \ddot on input line 61.
LaTeX Font Info:    Redeclaring math accent \tilde on input line 61.
LaTeX Font Info:    Redeclaring math accent \bar on input line 61.
LaTeX Font Info:    Redeclaring math accent \breve on input line 61.
LaTeX Font Info:    Redeclaring math accent \check on input line 61.
LaTeX Font Info:    Redeclaring math accent \hat on input line 61.
LaTeX Font Info:    Redeclaring math accent \dot on input line 61.
LaTeX Font Info:    Redeclaring math accent \mathring on input line 61.
LaTeX Font Info:    Redeclaring math symbol \colon on input line 61.
LaTeX Font Info:    Redeclaring math symbol \Gamma on input line 61.
LaTeX Font Info:    Redeclaring math symbol \Delta on input line 61.
LaTeX Font Info:    Redeclaring math symbol \Theta on input line 61.
LaTeX Font Info:    Redeclaring math symbol \Lambda on input line 61.
LaTeX Font Info:    Redeclaring math symbol \Xi on input line 61.
LaTeX Font Info:    Redeclaring math symbol \Pi on input line 61.
LaTeX Font Info:    Redeclaring math symbol \Sigma on input line 61.
LaTeX Font Info:    Redeclaring math symbol \Upsilon on input line 61.
LaTeX Font Info:    Redeclaring math symbol \Phi on input line 61.
LaTeX Font Info:    Redeclaring math symbol \Psi on input line 61.
LaTeX Font Info:    Redeclaring math symbol \Omega on input line 61.
LaTeX Font Info:    Redeclaring math symbol \mathdollar on input line 61.
LaTeX Font Info:    Redeclaring symbol font `operators' on input line 61.
LaTeX Font Info:    Encoding `OT1' has changed to `TU' for symbol font
(Font)              `operators' in the math version `normal' on input line 61.
LaTeX Font Info:    Overwriting symbol font `operators' in version `normal'
(Font)                  OT1/cmr/m/n --> TU/LinLibertine_R.otf(0)/m/n on input l
ine 61.
LaTeX Font Info:    Encoding `OT1' has changed to `TU' for symbol font
(Font)              `operators' in the math version `bold' on input line 61.
LaTeX Font Info:    Overwriting symbol font `operators' in version `bold'
(Font)                  OT1/cmr/bx/n --> TU/LinLibertine_R.otf(0)/m/n on input 
line 61.
LaTeX Font Info:    Overwriting symbol font `operators' in version `normal'
(Font)                  TU/LinLibertine_R.otf(0)/m/n --> TU/LinLibertine_R.otf(
0)/m/n on input line 61.
LaTeX Font Info:    Overwriting math alphabet `\mathit' in version `normal'
(Font)                  OT1/cmr/m/it --> TU/LinLibertine_R.otf(0)/m/it on input
 line 61.
LaTeX Font Info:    Overwriting math alphabet `\mathbf' in version `normal'
(Font)                  OT1/cmr/bx/n --> TU/LinLibertine_R.otf(0)/b/n on input 
line 61.
LaTeX Font Info:    Overwriting math alphabet `\mathsf' in version `normal'
(Font)                  OT1/cmss/m/n --> TU/lmss/m/n on input line 61.
LaTeX Font Info:    Overwriting math alphabet `\mathtt' in version `normal'
(Font)                  OT1/cmtt/m/n --> TU/DejaVuSansMono.ttf(0)/m/n on input 
line 61.
LaTeX Font Info:    Overwriting symbol font `operators' in version `bold'
(Font)                  TU/LinLibertine_R.otf(0)/m/n --> TU/LinLibertine_R.otf(
0)/b/n on input line 61.
LaTeX Font Info:    Overwriting math alphabet `\mathit' in version `bold'
(Font)                  OT1/cmr/bx/it --> TU/LinLibertine_R.otf(0)/b/it on inpu
t line 61.
LaTeX Font Info:    Overwriting math alphabet `\mathsf' in version `bold'
(Font)                  OT1/cmss/bx/n --> TU/lmss/b/n on input line 61.
LaTeX Font Info:    Overwriting math alphabet `\mathtt' in version `bold'
(Font)                  OT1/cmtt/m/n --> TU/DejaVuSansMono.ttf(0)/b/n on input 
line 61.

*geometry* driver: auto-detecting
*geometry* detected driver: xetex
*geometry* verbose mode - [ preamble ] result:
* driver: xetex
* paper: a4paper
* layout: <same size as paper>
* layoutoffset:(h,v)=(0.0pt,0.0pt)
* modes: 
* h-part:(L,W,R)=(100.01144pt, 397.48499pt, 100.01144pt)
* v-part:(T,H,B)=(92.30072pt, 614.295pt, 138.45113pt)
* \paperwidth=597.50787pt
* \paperheight=845.04684pt
* \textwidth=397.48499pt
* \textheight=614.295pt
* \oddsidemargin=27.74146pt
* \evensidemargin=27.74146pt
* \topmargin=-16.96927pt
* \headheight=12.0pt
* \headsep=25.0pt
* \topskip=11.0pt
* \footskip=30.0pt
* \marginparwidth=43.36243pt
* \marginparsep=11.0pt
* \columnsep=10.0pt
* \skip\footins=10.0pt plus 4.0pt minus 2.0pt
* \hoffset=0.0pt
* \voffset=0.0pt
* \mag=1000
* \@twocolumnfalse
* \@twosidefalse
* \@mparswitchfalse
* \@reversemargintrue
* (1in=72.27pt=25.4mm, 1cm=28.453pt)

Package hyperref Info: Link coloring ON on input line 61.
(/usr/share/texlive/texmf-dist/tex/latex/hyperref/nameref.sty
Package: nameref 2021-04-02 v2.47 Cross-referencing by name of section

(/usr/share/texlive/texmf-dist/tex/latex/refcount/refcount.sty
Package: refcount 2019/12/15 v3.6 Data extraction from label references (HO)
)
(/usr/share/texlive/texmf-dist/tex/generic/gettitlestring/gettitlestring.sty
Package: gettitlestring 2019/12/15 v1.6 Cleanup title references (HO)
)
\c@section@level=\count301
)
LaTeX Info: Redefining \ref on input line 61.
LaTeX Info: Redefining \pageref on input line 61.
LaTeX Info: Redefining \nameref on input line 61.

(./CV_Yin.out) (./CV_Yin.out)
\@outlinefile=\write3
\openout3 = `CV_Yin.out'.


Overfull \hbox (52.51501pt too wide) in paragraph at lines 64--65
 | 
 []


Underfull \hbox (badness 10000) in paragraph at lines 110--113

 []

Package marginnote Info: Margin note 1.1 is on absolute page 1 on input line 11
7.
Package marginnote Info: right page because not two side mode on input line 117
.
Package marginnote Info: xpos seems to be 100.01144pt on input line 117.
Package marginnote Info: Margin note 1.2 is on absolute page 1 on input line 12
0.
Package marginnote Info: right page because not two side mode on input line 120
.
Package marginnote Info: xpos seems to be 100.01144pt on input line 120.
Package marginnote Info: Margin note 1.3 is on absolute page 1 on input line 12
2.
Package marginnote Info: right page because not two side mode on input line 122
.
Package marginnote Info: xpos seems to be 100.01144pt on input line 122.
Package marginnote Info: Margin note 1.4 is on absolute page 2 on input line 12
7.
Package marginnote Info: right page because not two side mode on input line 127
.
Package marginnote Info: xpos seems to be 100.01144pt on input line 127.
Package marginnote Info: Margin note 1.5 is on absolute page 2 on input line 12
8.
Package marginnote Info: right page because not two side mode on input line 128
.
Package marginnote Info: xpos seems to be 100.01144pt on input line 128.
Package marginnote Info: Margin note 1.6 is on absolute page 2 on input line 12
9.
Package marginnote Info: right page because not two side mode on input line 129
.
Package marginnote Info: xpos seems to be 100.01144pt on input line 129.
Package marginnote Info: Margin note 1.7 is on absolute page 2 on input line 13
0.
Package marginnote Info: right page because not two side mode on input line 130
.
Package marginnote Info: xpos seems to be 100.01144pt on input line 130.
Package marginnote Info: Margin note 1.8 is on absolute page 2 on input line 13
1.
Package marginnote Info: right page because not two side mode on input line 131
.
Package marginnote Info: xpos seems to be 100.01144pt on input line 131.
[1

]
LaTeX Font Info:    External font `cmex10' loaded for size
(Font)              <10.95> on input line 135.
LaTeX Font Info:    External font `cmex10' loaded for size
(Font)              <8> on input line 135.
LaTeX Font Info:    External font `cmex10' loaded for size
(Font)              <6> on input line 135.

Overfull \hbox (8.16815pt too wide) in paragraph at lines 134--151
\TU/LinLibertine_R.otf(0)/m/n/10.95 search”. NSF (National Science Foundation) 
SOC grant, $\OT1/cmr/m/n/10.95 $$\TU/LinLibertine_R.otf(0)/m/n/10.95 500,000. P
roject dates: 07/15/2018—
 []


Overfull \hbox (6.06148pt too wide) in paragraph at lines 134--151
\TU/LinLibertine_R.otf(0)/m/n/10.95 tories”. Microsoft Azure Data Science Resea
rch Award, $\OT1/cmr/m/n/10.95 $10\OML/cmm/m/it/10.95 ; \OT1/cmr/m/n/10.95 000$
\TU/LinLibertine_R.otf(0)/m/n/10.95 . Project dates: 05/01/2018—
 []


Overfull \hbox (2.44798pt too wide) in paragraph at lines 134--151
\TU/LinLibertine_R.otf(0)/b/n/10.95 Co-I\TU/LinLibertine_R.otf(0)/m/n/10.95 . “
Cognitive Changes Associated with Hormonal Treatment for Breast Cancer”. Health

 []


Overfull \hbox (4.36182pt too wide) in paragraph at lines 134--151
\TU/LinLibertine_R.otf(0)/m/n/10.95 layer geospatial data sources in urban stud
ies: Understanding urban dynamics from geospa-
 []

[2]
Package marginnote Info: Margin note 3.1 is on absolute page 3 on input line 15
6.
Package marginnote Info: right page because not two side mode on input line 156
.
Package marginnote Info: xpos seems to be 100.01144pt on input line 156.
Package marginnote Info: Margin note 3.2 is on absolute page 3 on input line 15
7.
Package marginnote Info: right page because not two side mode on input line 157
.
Package marginnote Info: xpos seems to be 100.01144pt on input line 157.
Package marginnote Info: Margin note 3.3 is on absolute page 3 on input line 15
8.
Package marginnote Info: right page because not two side mode on input line 158
.
Package marginnote Info: xpos seems to be 100.01144pt on input line 158.
Package marginnote Info: Margin note 3.4 is on absolute page 3 on input line 15
9.
Package marginnote Info: right page because not two side mode on input line 159
.
Package marginnote Info: xpos seems to be 100.01144pt on input line 159.

Underfull \hbox (badness 10000) in paragraph at lines 156--160

 []

Package marginnote Info: Margin note 3.5 is on absolute page 3 on input line 16
3.
Package marginnote Info: right page because not two side mode on input line 163
.
Package marginnote Info: xpos seems to be 100.01144pt on input line 163.
Package marginnote Info: Margin note 3.6 is on absolute page 3 on input line 16
4.
Package marginnote Info: right page because not two side mode on input line 164
.
Package marginnote Info: xpos seems to be 100.01144pt on input line 164.
Package marginnote Info: Margin note 3.7 is on absolute page 4 on input line 16
5.
Package marginnote Info: right page because not two side mode on input line 165
.
Package marginnote Info: xpos seems to be 100.01144pt on input line 165.
Package marginnote Info: Margin note 3.8 is on absolute page 4 on input line 16
6.
Package marginnote Info: right page because not two side mode on input line 166
.
Package marginnote Info: xpos seems to be 100.01144pt on input line 166.
Package marginnote Info: Margin note 3.9 is on absolute page 4 on input line 16
7.
Package marginnote Info: right page because not two side mode on input line 167
.
Package marginnote Info: xpos seems to be 100.01144pt on input line 167.
Package marginnote Info: Margin note 3.10 is on absolute page 4 on input line 1
68.
Package marginnote Info: right page because not two side mode on input line 168
.
Package marginnote Info: xpos seems to be 100.01144pt on input line 168.
Package marginnote Info: Margin note 3.11 is on absolute page 4 on input line 1
69.
Package marginnote Info: right page because not two side mode on input line 169
.
Package marginnote Info: xpos seems to be 100.01144pt on input line 169.
Package marginnote Info: Margin note 3.12 is on absolute page 4 on input line 1
70.
Package marginnote Info: right page because not two side mode on input line 170
.
Package marginnote Info: xpos seems to be 100.01144pt on input line 170.
Package marginnote Info: Margin note 3.13 is on absolute page 4 on input line 1
71.
Package marginnote Info: right page because not two side mode on input line 171
.
Package marginnote Info: xpos seems to be 100.01144pt on input line 171.
Package marginnote Info: Margin note 3.14 is on absolute page 4 on input line 1
72.
Package marginnote Info: right page because not two side mode on input line 172
.
Package marginnote Info: xpos seems to be 100.01144pt on input line 172.
Package marginnote Info: Margin note 3.15 is on absolute page 4 on input line 1
73.
Package marginnote Info: right page because not two side mode on input line 173
.
Package marginnote Info: xpos seems to be 100.01144pt on input line 173.
Package marginnote Info: Margin note 3.16 is on absolute page 4 on input line 1
74.
Package marginnote Info: right page because not two side mode on input line 174
.
Package marginnote Info: xpos seems to be 100.01144pt on input line 174.
Package marginnote Info: Margin note 3.17 is on absolute page 4 on input line 1
75.
Package marginnote Info: right page because not two side mode on input line 175
.
Package marginnote Info: xpos seems to be 100.01144pt on input line 175.
Package marginnote Info: Margin note 3.18 is on absolute page 4 on input line 1
76.
Package marginnote Info: right page because not two side mode on input line 176
.
Package marginnote Info: xpos seems to be 100.01144pt on input line 176.
Package marginnote Info: Margin note 3.19 is on absolute page 4 on input line 1
77.
Package marginnote Info: right page because not two side mode on input line 177
.
Package marginnote Info: xpos seems to be 100.01144pt on input line 177.
Package marginnote Info: Margin note 3.20 is on absolute page 4 on input line 1
78.
Package marginnote Info: right page because not two side mode on input line 178
.
Package marginnote Info: xpos seems to be 100.01144pt on input line 178.
Package marginnote Info: Margin note 3.21 is on absolute page 4 on input line 1
79.
Package marginnote Info: right page because not two side mode on input line 179
.
Package marginnote Info: xpos seems to be 100.01144pt on input line 179.
Package marginnote Info: Margin note 3.22 is on absolute page 5 on input line 1
80.
Package marginnote Info: right page because not two side mode on input line 180
.
Package marginnote Info: xpos seems to be 100.01144pt on input line 180.
Package marginnote Info: Margin note 3.23 is on absolute page 5 on input line 1
81.
Package marginnote Info: right page because not two side mode on input line 181
.
Package marginnote Info: xpos seems to be 100.01144pt on input line 181.
Package marginnote Info: Margin note 3.24 is on absolute page 5 on input line 1
82.
Package marginnote Info: right page because not two side mode on input line 182
.
Package marginnote Info: xpos seems to be 100.01144pt on input line 182.
Package marginnote Info: Margin note 3.25 is on absolute page 5 on input line 1
83.
Package marginnote Info: right page because not two side mode on input line 183
.
Package marginnote Info: xpos seems to be 100.01144pt on input line 183.
Package marginnote Info: Margin note 3.26 is on absolute page 5 on input line 1
84.
Package marginnote Info: right page because not two side mode on input line 184
.
Package marginnote Info: xpos seems to be 100.01144pt on input line 184.
Package marginnote Info: Margin note 3.27 is on absolute page 5 on input line 1
85.
Package marginnote Info: right page because not two side mode on input line 185
.
Package marginnote Info: xpos seems to be 100.01144pt on input line 185.
Package marginnote Info: Margin note 3.28 is on absolute page 5 on input line 1
86.
Package marginnote Info: right page because not two side mode on input line 186
.
Package marginnote Info: xpos seems to be 100.01144pt on input line 186.
Package marginnote Info: Margin note 3.29 is on absolute page 5 on input line 1
87.
Package marginnote Info: right page because not two side mode on input line 187
.
Package marginnote Info: xpos seems to be 100.01144pt on input line 187.
Package marginnote Info: Margin note 3.30 is on absolute page 5 on input line 1
88.
Package marginnote Info: right page because not two side mode on input line 188
.
Package marginnote Info: xpos seems to be 100.01144pt on input line 188.

Overfull \hbox (6.1381pt too wide) in paragraph at lines 163--189
\TU/LinLibertine_R.otf(0)/m/n/10.95 Spatial Vector Data Model for Column-orient
ed Databases. \TU/LinLibertine_R.otf(0)/m/it/10.95 International Journal of Dat
abase
 []

[3] [4]
Package marginnote Info: Margin note 5.1 is on absolute page 5 on input line 19
2.
Package marginnote Info: right page because not two side mode on input line 192
.
Package marginnote Info: xpos seems to be 100.01144pt on input line 192.
Package marginnote Info: Margin note 5.2 is on absolute page 5 on input line 19
3.
Package marginnote Info: right page because not two side mode on input line 193
.
Package marginnote Info: xpos seems to be 100.01144pt on input line 193.
Package marginnote Info: Margin note 5.3 is on absolute page 5 on input line 19
4.
Package marginnote Info: right page because not two side mode on input line 194
.
Package marginnote Info: xpos seems to be 100.01144pt on input line 194.
Package marginnote Info: Margin note 5.4 is on absolute page 5 on input line 19
5.
Package marginnote Info: right page because not two side mode on input line 195
.
Package marginnote Info: xpos seems to be 100.01144pt on input line 195.
Package marginnote Info: Margin note 5.5 is on absolute page 5 on input line 19
6.
Package marginnote Info: right page because not two side mode on input line 196
.
Package marginnote Info: xpos seems to be 100.01144pt on input line 196.
Package marginnote Info: Margin note 5.6 is on absolute page 5 on input line 19
7.
Package marginnote Info: right page because not two side mode on input line 197
.
Package marginnote Info: xpos seems to be 100.01144pt on input line 197.
Package marginnote Info: Margin note 5.7 is on absolute page 5 on input line 19
8.
Package marginnote Info: right page because not two side mode on input line 198
.
Package marginnote Info: xpos seems to be 100.01144pt on input line 198.
Package marginnote Info: Margin note 5.8 is on absolute page 6 on input line 19
9.
Package marginnote Info: right page because not two side mode on input line 199
.
Package marginnote Info: xpos seems to be 100.01144pt on input line 199.
Package marginnote Info: Margin note 5.9 is on absolute page 6 on input line 20
0.
Package marginnote Info: right page because not two side mode on input line 200
.
Package marginnote Info: xpos seems to be 100.01144pt on input line 200.
Package marginnote Info: Margin note 5.10 is on absolute page 6 on input line 2
01.
Package marginnote Info: right page because not two side mode on input line 201
.
Package marginnote Info: xpos seems to be 100.01144pt on input line 201.
Package marginnote Info: Margin note 5.11 is on absolute page 6 on input line 2
02.
Package marginnote Info: right page because not two side mode on input line 202
.
Package marginnote Info: xpos seems to be 100.01144pt on input line 202.
Package marginnote Info: Margin note 5.12 is on absolute page 6 on input line 2
03.
Package marginnote Info: right page because not two side mode on input line 203
.
Package marginnote Info: xpos seems to be 100.01144pt on input line 203.
Package marginnote Info: Margin note 5.13 is on absolute page 6 on input line 2
04.
Package marginnote Info: right page because not two side mode on input line 204
.
Package marginnote Info: xpos seems to be 100.01144pt on input line 204.
Package marginnote Info: Margin note 5.14 is on absolute page 6 on input line 2
05.
Package marginnote Info: right page because not two side mode on input line 205
.
Package marginnote Info: xpos seems to be 100.01144pt on input line 205.
Package marginnote Info: Margin note 5.15 is on absolute page 6 on input line 2
06.
Package marginnote Info: right page because not two side mode on input line 206
.
Package marginnote Info: xpos seems to be 100.01144pt on input line 206.
Package marginnote Info: Margin note 5.16 is on absolute page 6 on input line 2
07.
Package marginnote Info: right page because not two side mode on input line 207
.
Package marginnote Info: xpos seems to be 100.01144pt on input line 207.
Package marginnote Info: Margin note 5.17 is on absolute page 6 on input line 2
08.
Package marginnote Info: right page because not two side mode on input line 208
.
Package marginnote Info: xpos seems to be 100.01144pt on input line 208.
Package marginnote Info: Margin note 5.18 is on absolute page 6 on input line 2
09.
Package marginnote Info: right page because not two side mode on input line 209
.
Package marginnote Info: xpos seems to be 100.01144pt on input line 209.
Package marginnote Info: Margin note 5.19 is on absolute page 6 on input line 2
10.
Package marginnote Info: right page because not two side mode on input line 210
.
Package marginnote Info: xpos seems to be 100.01144pt on input line 210.
Package marginnote Info: Margin note 5.20 is on absolute page 6 on input line 2
11.
Package marginnote Info: right page because not two side mode on input line 211
.
Package marginnote Info: xpos seems to be 100.01144pt on input line 211.
Package marginnote Info: Margin note 5.21 is on absolute page 7 on input line 2
12.
Package marginnote Info: right page because not two side mode on input line 212
.
Package marginnote Info: xpos seems to be 100.01144pt on input line 212.
Package marginnote Info: Margin note 5.22 is on absolute page 7 on input line 2
13.
Package marginnote Info: right page because not two side mode on input line 213
.
Package marginnote Info: xpos seems to be 100.01144pt on input line 213.
Package marginnote Info: Margin note 5.23 is on absolute page 7 on input line 2
14.
Package marginnote Info: right page because not two side mode on input line 214
.
Package marginnote Info: xpos seems to be 100.01144pt on input line 214.
Package marginnote Info: Margin note 5.24 is on absolute page 7 on input line 2
15.
Package marginnote Info: right page because not two side mode on input line 215
.
Package marginnote Info: xpos seems to be 100.01144pt on input line 215.
Package marginnote Info: Margin note 5.25 is on absolute page 7 on input line 2
16.
Package marginnote Info: right page because not two side mode on input line 216
.
Package marginnote Info: xpos seems to be 100.01144pt on input line 216.
Package marginnote Info: Margin note 5.26 is on absolute page 7 on input line 2
17.
Package marginnote Info: right page because not two side mode on input line 217
.
Package marginnote Info: xpos seems to be 100.01144pt on input line 217.
 [5] [6]
Package marginnote Info: Margin note 7.1 is on absolute page 7 on input line 21
9.
Package marginnote Info: right page because not two side mode on input line 219
.
Package marginnote Info: xpos seems to be 100.01144pt on input line 219.
Package marginnote Info: Margin note 7.2 is on absolute page 7 on input line 22
3.
Package marginnote Info: right page because not two side mode on input line 223
.
Package marginnote Info: xpos seems to be 100.01144pt on input line 223.

Underfull \hbox (badness 10000) in paragraph at lines 222--224

 []

Package marginnote Info: Margin note 7.3 is on absolute page 7 on input line 22
6.
Package marginnote Info: right page because not two side mode on input line 226
.
Package marginnote Info: xpos seems to be 100.01144pt on input line 226.
Package marginnote Info: Margin note 7.4 is on absolute page 7 on input line 22
7.
Package marginnote Info: right page because not two side mode on input line 227
.
Package marginnote Info: xpos seems to be 100.01144pt on input line 227.
Package marginnote Info: Margin note 7.5 is on absolute page 7 on input line 22
8.
Package marginnote Info: right page because not two side mode on input line 228
.
Package marginnote Info: xpos seems to be 100.01144pt on input line 228.
Package marginnote Info: Margin note 7.6 is on absolute page 7 on input line 22
9.
Package marginnote Info: right page because not two side mode on input line 229
.
Package marginnote Info: xpos seems to be 100.01144pt on input line 229.
Package marginnote Info: Margin note 7.7 is on absolute page 8 on input line 23
0.
Package marginnote Info: right page because not two side mode on input line 230
.
Package marginnote Info: xpos seems to be 100.01144pt on input line 230.
Package marginnote Info: Margin note 7.8 is on absolute page 8 on input line 23
1.
Package marginnote Info: right page because not two side mode on input line 231
.
Package marginnote Info: xpos seems to be 100.01144pt on input line 231.
Package marginnote Info: Margin note 7.9 is on absolute page 8 on input line 23
2.
Package marginnote Info: right page because not two side mode on input line 232
.
Package marginnote Info: xpos seems to be 100.01144pt on input line 232.
Package marginnote Info: Margin note 7.10 is on absolute page 8 on input line 2
33.
Package marginnote Info: right page because not two side mode on input line 233
.
Package marginnote Info: xpos seems to be 100.01144pt on input line 233.
Package marginnote Info: Margin note 7.11 is on absolute page 8 on input line 2
34.
Package marginnote Info: right page because not two side mode on input line 234
.
Package marginnote Info: xpos seems to be 100.01144pt on input line 234.
Package marginnote Info: Margin note 7.12 is on absolute page 8 on input line 2
35.
Package marginnote Info: right page because not two side mode on input line 235
.
Package marginnote Info: xpos seems to be 100.01144pt on input line 235.
Package marginnote Info: Margin note 7.13 is on absolute page 8 on input line 2
36.
Package marginnote Info: right page because not two side mode on input line 236
.
Package marginnote Info: xpos seems to be 100.01144pt on input line 236.
Package marginnote Info: Margin note 7.14 is on absolute page 8 on input line 2
37.
Package marginnote Info: right page because not two side mode on input line 237
.
Package marginnote Info: xpos seems to be 100.01144pt on input line 237.
[7]
Package marginnote Info: Margin note 8.1 is on absolute page 8 on input line 23
9.
Package marginnote Info: right page because not two side mode on input line 239
.
Package marginnote Info: xpos seems to be 100.01144pt on input line 239.
Package marginnote Info: Margin note 8.2 is on absolute page 8 on input line 24
0.
Package marginnote Info: right page because not two side mode on input line 240
.
Package marginnote Info: xpos seems to be 100.01144pt on input line 240.
Package marginnote Info: Margin note 8.3 is on absolute page 8 on input line 24
1.
Package marginnote Info: right page because not two side mode on input line 241
.
Package marginnote Info: xpos seems to be 100.01144pt on input line 241.
Package marginnote Info: Margin note 8.4 is on absolute page 8 on input line 24
2.
Package marginnote Info: right page because not two side mode on input line 242
.
Package marginnote Info: xpos seems to be 100.01144pt on input line 242.
Package marginnote Info: Margin note 8.5 is on absolute page 8 on input line 24
3.
Package marginnote Info: right page because not two side mode on input line 243
.
Package marginnote Info: xpos seems to be 100.01144pt on input line 243.

Overfull \hbox (4.97377pt too wide) in paragraph at lines 239--244
|[]\TU/LinLibertine_R.otf(0)/m/n/10.95 Yin, J. (2011). Web-service based Mobile
 Geospatial Application Development using Python,
 []

Package marginnote Info: Margin note 8.6 is on absolute page 8 on input line 24
6.
Package marginnote Info: right page because not two side mode on input line 246
.
Package marginnote Info: xpos seems to be 100.01144pt on input line 246.
Package marginnote Info: Margin note 8.7 is on absolute page 8 on input line 24
7.
Package marginnote Info: right page because not two side mode on input line 247
.
Package marginnote Info: xpos seems to be 100.01144pt on input line 247.
Package marginnote Info: Margin note 8.8 is on absolute page 8 on input line 24
8.
Package marginnote Info: right page because not two side mode on input line 248
.
Package marginnote Info: xpos seems to be 100.01144pt on input line 248.
Package marginnote Info: Margin note 8.9 is on absolute page 8 on input line 24
9.
Package marginnote Info: right page because not two side mode on input line 249
.
Package marginnote Info: xpos seems to be 100.01144pt on input line 249.
Package marginnote Info: Margin note 8.10 is on absolute page 8 on input line 2
50.
Package marginnote Info: right page because not two side mode on input line 250
.
Package marginnote Info: xpos seems to be 100.01144pt on input line 250.
Package marginnote Info: Margin note 8.11 is on absolute page 9 on input line 2
51.
Package marginnote Info: right page because not two side mode on input line 251
.
Package marginnote Info: xpos seems to be 100.01144pt on input line 251.
Package marginnote Info: Margin note 8.12 is on absolute page 9 on input line 2
52.
Package marginnote Info: right page because not two side mode on input line 252
.
Package marginnote Info: xpos seems to be 100.01144pt on input line 252.
Package marginnote Info: Margin note 8.13 is on absolute page 9 on input line 2
53.
Package marginnote Info: right page because not two side mode on input line 253
.
Package marginnote Info: xpos seems to be 100.01144pt on input line 253.
Package marginnote Info: Margin note 8.14 is on absolute page 9 on input line 2
54.
Package marginnote Info: right page because not two side mode on input line 254
.
Package marginnote Info: xpos seems to be 100.01144pt on input line 254.
Package marginnote Info: Margin note 8.15 is on absolute page 9 on input line 2
55.
Package marginnote Info: right page because not two side mode on input line 255
.
Package marginnote Info: xpos seems to be 100.01144pt on input line 255.
Package marginnote Info: Margin note 8.16 is on absolute page 9 on input line 2
56.
Package marginnote Info: right page because not two side mode on input line 256
.
Package marginnote Info: xpos seems to be 100.01144pt on input line 256.
Package marginnote Info: Margin note 8.17 is on absolute page 9 on input line 2
57.
Package marginnote Info: right page because not two side mode on input line 257
.
Package marginnote Info: xpos seems to be 100.01144pt on input line 257.
Package marginnote Info: Margin note 8.18 is on absolute page 9 on input line 2
58.
Package marginnote Info: right page because not two side mode on input line 258
.
Package marginnote Info: xpos seems to be 100.01144pt on input line 258.
Package marginnote Info: Margin note 8.19 is on absolute page 9 on input line 2
59.
Package marginnote Info: right page because not two side mode on input line 259
.
Package marginnote Info: xpos seems to be 100.01144pt on input line 259.
Package marginnote Info: Margin note 8.20 is on absolute page 9 on input line 2
60.
Package marginnote Info: right page because not two side mode on input line 260
.
Package marginnote Info: xpos seems to be 100.01144pt on input line 260.
[8]
Package marginnote Info: Margin note 9.1 is on absolute page 9 on input line 26
3.
Package marginnote Info: right page because not two side mode on input line 263
.
Package marginnote Info: xpos seems to be 100.01144pt on input line 263.
Package marginnote Info: Margin note 9.2 is on absolute page 9 on input line 26
4.
Package marginnote Info: right page because not two side mode on input line 264
.
Package marginnote Info: xpos seems to be 100.01144pt on input line 264.
Package marginnote Info: Margin note 9.3 is on absolute page 9 on input line 26
5.
Package marginnote Info: right page because not two side mode on input line 265
.
Package marginnote Info: xpos seems to be 100.01144pt on input line 265.
Package marginnote Info: Margin note 9.4 is on absolute page 9 on input line 26
6.
Package marginnote Info: right page because not two side mode on input line 266
.
Package marginnote Info: xpos seems to be 100.01144pt on input line 266.

Underfull \hbox (badness 10000) in paragraph at lines 263--267

 []

Package marginnote Info: Margin note 9.5 is on absolute page 10 on input line 2
79.
Package marginnote Info: right page because not two side mode on input line 279
.
Package marginnote Info: xpos seems to be 100.01144pt on input line 279.
Package marginnote Info: Margin note 9.6 is on absolute page 10 on input line 2
80.
Package marginnote Info: right page because not two side mode on input line 280
.
Package marginnote Info: xpos seems to be 100.01144pt on input line 280.
Package marginnote Info: Margin note 9.7 is on absolute page 10 on input line 2
81.
Package marginnote Info: right page because not two side mode on input line 281
.
Package marginnote Info: xpos seems to be 100.01144pt on input line 281.
Package marginnote Info: Margin note 9.8 is on absolute page 10 on input line 2
82.
Package marginnote Info: right page because not two side mode on input line 282
.
Package marginnote Info: xpos seems to be 100.01144pt on input line 282.
Package marginnote Info: Margin note 9.9 is on absolute page 10 on input line 2
83.
Package marginnote Info: right page because not two side mode on input line 283
.
Package marginnote Info: xpos seems to be 100.01144pt on input line 283.
Package marginnote Info: Margin note 9.10 is on absolute page 10 on input line 
284.
Package marginnote Info: right page because not two side mode on input line 284
.
Package marginnote Info: xpos seems to be 100.01144pt on input line 284.

Overfull \hbox (2.52948pt too wide) in paragraph at lines 278--285
|[]\TU/LinLibertine_R.otf(0)/m/it/10.95 National Undergraduate Electronic Desig
n Contest: Second prize\TU/LinLibertine_R.otf(0)/m/n/10.95 :Embedded system for
 Multi-
 []

[9]
Overfull \hbox (4.0296pt too wide) in paragraph at lines 299--300
\TU/LinLibertine_R.otf(0)/m/n/10.95 American Meetings of the Regional Science A
ssociation International (NARSC), Pitts-
 []

[10] [11] (./CV_Yin.aux)
Package rerunfilecheck Info: File `CV_Yin.out' has not changed.
(rerunfilecheck)             Checksum: D41D8CD98F00B204E9800998ECF8427E;0.
 ) 
Here is how much of TeX's memory you used:
 15319 strings out of 476191
 290495 string characters out of 5812072
 658627 words of memory out of 5000000
 35875 multiletter control sequences out of 15000+600000
 473307 words of font info for 66 fonts, out of 8000000 for 9000
 1348 hyphenation exceptions out of 8191
 73i,9n,100p,414b,386s stack positions out of 5000i,500n,10000p,200000b,80000s

Output written on CV_Yin.pdf (11 pages).
